# JRE version: Java(TM) SE Runtime Environment (8.0_92-b14) (build 1.8.0_92-b14)
# Java VM: Java HotSpot(TM) Client VM (25.92-b14 mixed mode windows-x86 )
Heap:
 def new generation   total 39488K, used 19452K [0x04c00000, 0x076d0000, 0x0f6a0000)
  eden space 35136K,  54% used [0x04c00000, 0x05ec9920, 0x06e50000)
  from space 4352K,   4% used [0x07290000, 0x072c5a58, 0x076d0000)
  to   space 4352K,   0% used [0x06e50000, 0x06e50000, 0x07290000)
 tenured generation   total 87424K, used 52547K [0x0f6a0000, 0x14c00000, 0x24c00000)
   the space 87424K,  60% used [0x0f6a0000, 0x129f0fb0, 0x129f1000, 0x14c00000)
 Metaspace       used 19889K, capacity 20665K, committed 20864K, reserved 20864K
GC Heap History (10 events):
Event: 237.356 GC heap before
{Heap before GC invocations=64 (full 2):
 def new generation   total 39488K, used 35136K [0x04c00000, 0x076d0000, 0x0f6a0000)
  eden space 35136K, 100% used [0x04c00000, 0x06e50000, 0x06e50000)
  from space 4352K,   0% used [0x06e50000, 0x06e50000, 0x07290000)
  to   space 4352K,   0% used [0x07290000, 0x07290000, 0x076d0000)
 tenured generation   total 87424K, used 40470K [0x0f6a0000, 0x14c00000, 0x24c00000)
   the space 87424K,  46% used [0x0f6a0000, 0x11e25b40, 0x11e25c00, 0x14c00000)
 Metaspace       used 19715K, capacity 20471K, committed 20608K, reserved 20864K
Event: 237.369 GC heap after
Heap after GC invocations=65 (full 2):
 def new generation   total 39488K, used 4352K [0x04c00000, 0x076d0000, 0x0f6a0000)
  eden space 35136K,   0% used [0x04c00000, 0x04c00000, 0x06e50000)
  from space 4352K, 100% used [0x07290000, 0x076d0000, 0x076d0000)
  to   space 4352K,   0% used [0x06e50000, 0x06e50000, 0x07290000)
 tenured generation   total 87424K, used 41391K [0x0f6a0000, 0x14c00000, 0x24c00000)
   the space 87424K,  47% used [0x0f6a0000, 0x11f0bdd8, 0x11f0be00, 0x14c00000)
 Metaspace       used 19715K, capacity 20471K, committed 20608K, reserved 20864K
}
Event: 274.209 GC heap before
{Heap before GC invocations=65 (full 2):
 def new generation   total 39488K, used 39488K [0x04c00000, 0x076d0000, 0x0f6a0000)
  eden space 35136K, 100% used [0x04c00000, 0x06e50000, 0x06e50000)
  from space 4352K, 100% used [0x07290000, 0x076d0000, 0x076d0000)
  to   space 4352K,   0% used [0x06e50000, 0x06e50000, 0x07290000)
 tenured generation   total 87424K, used 41391K [0x0f6a0000, 0x14c00000, 0x24c00000)
   the space 87424K,  47% used [0x0f6a0000, 0x11f0bdd8, 0x11f0be00, 0x14c00000)
 Metaspace       used 19759K, capacity 20535K, committed 20736K, reserved 20864K
Event: 274.219 GC heap after
Heap after GC invocations=66 (full 2):
 def new generation   total 39488K, used 4141K [0x04c00000, 0x076d0000, 0x0f6a0000)
  eden space 35136K,   0% used [0x04c00000, 0x04c00000, 0x06e50000)
  from space 4352K,  95% used [0x06e50000, 0x0725b480, 0x07290000)
  to   space 4352K,   0% used [0x07290000, 0x07290000, 0x076d0000)
 tenured generation   total 87424K, used 45711K [0x0f6a0000, 0x14c00000, 0x24c00000)
   the space 87424K,  52% used [0x0f6a0000, 0x12343f80, 0x12344000, 0x14c00000)
 Metaspace       used 19759K, capacity 20535K, committed 20736K, reserved 20864K
}
Event: 454.250 GC heap before
{Heap before GC invocations=66 (full 2):
 def new generation   total 39488K, used 39277K [0x04c00000, 0x076d0000, 0x0f6a0000)
  eden space 35136K, 100% used [0x04c00000, 0x06e50000, 0x06e50000)
  from space 4352K,  95% used [0x06e50000, 0x0725b480, 0x07290000)
  to   space 4352K,   0% used [0x07290000, 0x07290000, 0x076d0000)
 tenured generation   total 87424K, used 45711K [0x0f6a0000, 0x14c00000, 0x24c00000)
   the space 87424K,  52% used [0x0f6a0000, 0x12343f80, 0x12344000, 0x14c00000)
 Metaspace       used 19874K, capacity 20631K, committed 20864K, reserved 20864K
Event: 454.255 GC heap after
Heap after GC invocations=67 (full 2):
 def new generation   total 39488K, used 4302K [0x04c00000, 0x076d0000, 0x0f6a0000)
  eden space 35136K,   0% used [0x04c00000, 0x04c00000, 0x06e50000)
  from space 4352K,  98% used [0x07290000, 0x076c3bb0, 0x076d0000)
  to   space 4352K,   0% used [0x06e50000, 0x06e50000, 0x07290000)
 tenured generation   total 87424K, used 47162K [0x0f6a0000, 0x14c00000, 0x24c00000)
   the space 87424K,  53% used [0x0f6a0000, 0x124ae8d0, 0x124aea00, 0x14c00000)
 Metaspace       used 19874K, capacity 20631K, committed 20864K, reserved 20864K
}
Event: 681.915 GC heap before
{Heap before GC invocations=67 (full 2):
 def new generation   total 39488K, used 39438K [0x04c00000, 0x076d0000, 0x0f6a0000)
  eden space 35136K, 100% used [0x04c00000, 0x06e50000, 0x06e50000)
  from space 4352K,  98% used [0x07290000, 0x076c3bb0, 0x076d0000)
  to   space 4352K,   0% used [0x06e50000, 0x06e50000, 0x07290000)
 tenured generation   total 87424K, used 47162K [0x0f6a0000, 0x14c00000, 0x24c00000)
   the space 87424K,  53% used [0x0f6a0000, 0x124ae8d0, 0x124aea00, 0x14c00000)
 Metaspace       used 19878K, capacity 20633K, committed 20864K, reserved 20864K
Event: 681.919 GC heap after
Heap after GC invocations=68 (full 2):
 def new generation   total 39488K, used 2573K [0x04c00000, 0x076d0000, 0x0f6a0000)
  eden space 35136K,   0% used [0x04c00000, 0x04c00000, 0x06e50000)
  from space 4352K,  59% used [0x06e50000, 0x070d3688, 0x07290000)
  to   space 4352K,   0% used [0x07290000, 0x07290000, 0x076d0000)
 tenured generation   total 87424K, used 50204K [0x0f6a0000, 0x14c00000, 0x24c00000)
   the space 87424K,  57% used [0x0f6a0000, 0x127a7290, 0x127a7400, 0x14c00000)
 Metaspace       used 19878K, capacity 20633K, committed 20864K, reserved 20864K
}
Event: 1110.491 GC heap before
{Heap before GC invocations=68 (full 2):
 def new generation   total 39488K, used 37709K [0x04c00000, 0x076d0000, 0x0f6a0000)
  eden space 35136K, 100% used [0x04c00000, 0x06e50000, 0x06e50000)
  from space 4352K,  59% used [0x06e50000, 0x070d3688, 0x07290000)
  to   space 4352K,   0% used [0x07290000, 0x07290000, 0x076d0000)
 tenured generation   total 87424K, used 50204K [0x0f6a0000, 0x14c00000, 0x24c00000)
   the space 87424K,  57% used [0x0f6a0000, 0x127a7290, 0x127a7400, 0x14c00000)
 Metaspace       used 19878K, capacity 20633K, committed 20864K, reserved 20864K
Event: 1110.496 GC heap after
Heap after GC invocations=69 (full 2):
 def new generation   total 39488K, used 214K [0x04c00000, 0x076d0000, 0x0f6a0000)
  eden space 35136K,   0% used [0x04c00000, 0x04c00000, 0x06e50000)
  from space 4352K,   4% used [0x07290000, 0x072c5a58, 0x076d0000)
  to   space 4352K,   0% used [0x06e50000, 0x06e50000, 0x07290000)
 tenured generation   total 87424K, used 52547K [0x0f6a0000, 0x14c00000, 0x24c00000)
   the space 87424K,  60% used [0x0f6a0000, 0x129f0fb0, 0x129f1000, 0x14c00000)
 Metaspace       used 19878K, capacity 20633K, committed 20864K, reserved 20864K
}

